This is pdfTeX, Version 3.1415926-2.5-1.40.14 (TeX Live 2013) (format=pdflatex 2014.5.29)  6 JUN 2014 12:18
entering extended mode
 restricted \write18 enabled.
 file:line:error style messages enabled.
 %&-line parsing enabled.
**Relatorio.tex
(./Relatorio.tex
LaTeX2e <2011/06/27>
Babel <3.9f> and hyphenation patterns for 78 languages loaded.
(/usr/local/texlive/2013/texmf-dist/tex/latex/base/article.cls
Document Class: article 2007/10/19 v1.4h Standard LaTeX document class
(/usr/local/texlive/2013/texmf-dist/tex/latex/base/size10.clo
File: size10.clo 2007/10/19 v1.4h Standard LaTeX file (size option)
)
\c@part=\count79
\c@section=\count80
\c@subsection=\count81
\c@subsubsection=\count82
\c@paragraph=\count83
\c@subparagraph=\count84
\c@figure=\count85
\c@table=\count86
\abovecaptionskip=\skip41
\belowcaptionskip=\skip42
\bibindent=\dimen102
)
(/usr/local/texlive/2013/texmf-dist/tex/latex/ntgclass/a4.sty
Package: a4 2004/04/15 v1.2g A4 based page layout
)
(/usr/local/texlive/2013/texmf-dist/tex/latex/moreverb/moreverb.sty
Package: moreverb 2008/06/03 v2.3a `more' verbatim facilities

(/usr/local/texlive/2013/texmf-dist/tex/latex/tools/verbatim.sty
Package: verbatim 2003/08/22 v1.5q LaTeX2e package for verbatim enhancements
\every@verbatim=\toks14
\verbatim@line=\toks15
\verbatim@in@stream=\read1
)
\tab@position=\count87
\tab@size=\count88
\listing@line=\count89
)
(/usr/local/texlive/2013/texmf-dist/tex/latex/psnfss/palatino.sty
Package: palatino 2005/04/12 PSNFSS-v9.2a (SPQR) 
)
(/usr/local/texlive/2013/texmf-dist/tex/latex/setspace/setspace.sty
Package: setspace 2011/12/19 v6.7a set line spacing
)
(/usr/local/texlive/2013/texmf-dist/tex/latex/base/fontenc.sty
Package: fontenc 2005/09/27 v1.99g Standard LaTeX package

(/usr/local/texlive/2013/texmf-dist/tex/latex/base/t1enc.def
File: t1enc.def 2005/09/27 v1.99g Standard LaTeX file
LaTeX Font Info:    Redeclaring font encoding T1 on input line 43.
))
(/usr/local/texlive/2013/texmf-dist/tex/generic/babel/babel.sty
Package: babel 2013/05/16 v3.9f The Babel package

(/usr/local/texlive/2013/texmf-dist/tex/generic/babel-portuges/portuges.ldf
Language: portuges 2008/03/18 v1.2q Portuguese support from the babel system

(/usr/local/texlive/2013/texmf-dist/tex/generic/babel/babel.def
File: babel.def 2013/05/16 v3.9f Babel common definitions
\babel@savecnt=\count90
\U@D=\dimen103
)
Package babel Info: Making " an active character on input line 145.
))
(/usr/local/texlive/2013/texmf-dist/tex/latex/graphics/graphicx.sty
Package: graphicx 1999/02/16 v1.0f Enhanced LaTeX Graphics (DPC,SPQR)

(/usr/local/texlive/2013/texmf-dist/tex/latex/graphics/keyval.sty
Package: keyval 1999/03/16 v1.13 key=value parser (DPC)
\KV@toks@=\toks16
)
(/usr/local/texlive/2013/texmf-dist/tex/latex/graphics/graphics.sty
Package: graphics 2009/02/05 v1.0o Standard LaTeX Graphics (DPC,SPQR)

(/usr/local/texlive/2013/texmf-dist/tex/latex/graphics/trig.sty
Package: trig 1999/03/16 v1.09 sin cos tan (DPC)
)
(/usr/local/texlive/2013/texmf-dist/tex/latex/latexconfig/graphics.cfg
File: graphics.cfg 2010/04/23 v1.9 graphics configuration of TeX Live
)
Package graphics Info: Driver file: pdftex.def on input line 91.

(/usr/local/texlive/2013/texmf-dist/tex/latex/pdftex-def/pdftex.def
File: pdftex.def 2011/05/27 v0.06d Graphics/color for pdfTeX

(/usr/local/texlive/2013/texmf-dist/tex/generic/oberdiek/infwarerr.sty
Package: infwarerr 2010/04/08 v1.3 Providing info/warning/error messages (HO)
)
(/usr/local/texlive/2013/texmf-dist/tex/generic/oberdiek/ltxcmds.sty
Package: ltxcmds 2011/11/09 v1.22 LaTeX kernel commands for general use (HO)
)
\Gread@gobject=\count91
))
\Gin@req@height=\dimen104
\Gin@req@width=\dimen105
)
(/usr/local/texlive/2013/texmf-dist/tex/latex/caption/caption.sty
Package: caption 2013/05/02 v3.3-89 Customizing captions (AR)

(/usr/local/texlive/2013/texmf-dist/tex/latex/caption/caption3.sty
Package: caption3 2013/05/02 v1.6-88 caption3 kernel (AR)
Package caption3 Info: TeX engine: e-TeX on input line 57.
\captionmargin=\dimen106
\captionmargin@=\dimen107
\captionwidth=\dimen108
\caption@tempdima=\dimen109
\caption@indent=\dimen110
\caption@parindent=\dimen111
\caption@hangindent=\dimen112
)
\c@ContinuedFloat=\count92
)
(/usr/local/texlive/2013/texmf-dist/tex/latex/caption/subcaption.sty
Package: subcaption 2013/02/03 v1.1-62 Sub-captions (AR)
\c@subfigure=\count93
\c@subtable=\count94
)
(./Relatorio.aux)
\openout1 = `Relatorio.aux'.

LaTeX Font Info:    Checking defaults for OML/cmm/m/it on input line 36.
LaTeX Font Info:    ... okay on input line 36.
LaTeX Font Info:    Checking defaults for T1/cmr/m/n on input line 36.
LaTeX Font Info:    ... okay on input line 36.
LaTeX Font Info:    Checking defaults for OT1/cmr/m/n on input line 36.
LaTeX Font Info:    ... okay on input line 36.
LaTeX Font Info:    Checking defaults for OMS/cmsy/m/n on input line 36.
LaTeX Font Info:    ... okay on input line 36.
LaTeX Font Info:    Checking defaults for OMX/cmex/m/n on input line 36.
LaTeX Font Info:    ... okay on input line 36.
LaTeX Font Info:    Checking defaults for U/cmr/m/n on input line 36.
LaTeX Font Info:    ... okay on input line 36.
LaTeX Font Info:    Try loading font information for T1+ppl on input line 36.
 (/usr/local/texlive/2013/texmf-dist/tex/latex/psnfss/t1ppl.fd
File: t1ppl.fd 2001/06/04 font definitions for T1/ppl.
) (/usr/local/texlive/2013/texmf-dist/tex/context/base/supp-pdf.mkii
[Loading MPS to PDF converter (version 2006.09.02).]
\scratchcounter=\count95
\scratchdimen=\dimen113
\scratchbox=\box26
\nofMPsegments=\count96
\nofMParguments=\count97
\everyMPshowfont=\toks17
\MPscratchCnt=\count98
\MPscratchDim=\dimen114
\MPnumerator=\count99
\makeMPintoPDFobject=\count100
\everyMPtoPDFconversion=\toks18
) (/usr/local/texlive/2013/texmf-dist/tex/generic/oberdiek/pdftexcmds.sty
Package: pdftexcmds 2011/11/29 v0.20 Utility functions of pdfTeX for LuaTeX (HO
)

(/usr/local/texlive/2013/texmf-dist/tex/generic/oberdiek/ifluatex.sty
Package: ifluatex 2010/03/01 v1.3 Provides the ifluatex switch (HO)
Package ifluatex Info: LuaTeX not detected.
)
(/usr/local/texlive/2013/texmf-dist/tex/generic/oberdiek/ifpdf.sty
Package: ifpdf 2011/01/30 v2.3 Provides the ifpdf switch (HO)
Package ifpdf Info: pdfTeX in PDF mode is detected.
)
Package pdftexcmds Info: LuaTeX not detected.
Package pdftexcmds Info: \pdf@primitive is available.
Package pdftexcmds Info: \pdf@ifprimitive is available.
Package pdftexcmds Info: \pdfdraftmode found.
)
(/usr/local/texlive/2013/texmf-dist/tex/latex/oberdiek/epstopdf-base.sty
Package: epstopdf-base 2010/02/09 v2.5 Base part for package epstopdf

(/usr/local/texlive/2013/texmf-dist/tex/latex/oberdiek/grfext.sty
Package: grfext 2010/08/19 v1.1 Manage graphics extensions (HO)

(/usr/local/texlive/2013/texmf-dist/tex/generic/oberdiek/kvdefinekeys.sty
Package: kvdefinekeys 2011/04/07 v1.3 Define keys (HO)
))
(/usr/local/texlive/2013/texmf-dist/tex/latex/oberdiek/kvoptions.sty
Package: kvoptions 2011/06/30 v3.11 Key value format for package options (HO)

(/usr/local/texlive/2013/texmf-dist/tex/generic/oberdiek/kvsetkeys.sty
Package: kvsetkeys 2012/04/25 v1.16 Key value parser (HO)

(/usr/local/texlive/2013/texmf-dist/tex/generic/oberdiek/etexcmds.sty
Package: etexcmds 2011/02/16 v1.5 Avoid name clashes with e-TeX commands (HO)
Package etexcmds Info: Could not find \expanded.
(etexcmds)             That can mean that you are not using pdfTeX 1.50 or
(etexcmds)             that some package has redefined \expanded.
(etexcmds)             In the latter case, load this package earlier.
)))
Package grfext Info: Graphics extension search list:
(grfext)             [.pdf,.png,.jpg,.eps]
(grfext)             \AppendGraphicsExtensions on input line 452.

(/usr/local/texlive/2013/texmf-dist/tex/latex/latexconfig/epstopdf-sys.cfg
File: epstopdf-sys.cfg 2010/07/13 v1.3 Configuration of (r)epstopdf for TeX Liv
e
))
Package caption Info: Begin \AtBeginDocument code.
Package caption Info: End \AtBeginDocument code.
LaTeX Font Info:    External font `cmex10' loaded for size
(Font)              <12> on input line 38.
LaTeX Font Info:    External font `cmex10' loaded for size
(Font)              <8> on input line 38.
LaTeX Font Info:    External font `cmex10' loaded for size
(Font)              <6> on input line 38.

<./imagens/1.jpeg, id=1, 37.5804pt x 57.816pt>
File: ./imagens/1.jpeg Graphic file (type jpg)
 <use ./imagens/1.jpeg>
Package pdftex.def Info: ./imagens/1.jpeg used on input line 43.
(pdftex.def)             Requested size: 86.7252pt x 133.43094pt.

<./imagens/2.jpeg, id=2, 135.50626pt x 190.7125pt>
File: ./imagens/2.jpeg Graphic file (type jpg)
 <use ./imagens/2.jpeg>
Package pdftex.def Info: ./imagens/2.jpeg used on input line 49.
(pdftex.def)             Requested size: 92.50806pt x 130.20076pt.

<./imagens/3.jpeg, id=3, 42.27795pt x 52.0344pt>
File: ./imagens/3.jpeg Graphic file (type jpg)
 <use ./imagens/3.jpeg>
Package pdftex.def Info: ./imagens/3.jpeg used on input line 55.
(pdftex.def)             Requested size: 92.50806pt x 113.8678pt.

[1

{/usr/local/texlive/2013/texmf-var/fonts/map/pdftex/updmap/pdftex.map} <./image
ns/1.jpeg> <./imagens/2.jpeg> <./imagens/3.jpeg>]
LaTeX Font Info:    Font shape `T1/ppl/bx/n' in size <9> not available
(Font)              Font shape `T1/ppl/b/n' tried instead on input line 65.
 [2]
LaTeX Font Info:    Font shape `T1/ppl/bx/n' in size <14.4> not available
(Font)              Font shape `T1/ppl/b/n' tried instead on input line 71.
 (./Relatorio.toc
LaTeX Font Info:    Font shape `T1/ppl/bx/n' in size <10> not available
(Font)              Font shape `T1/ppl/b/n' tried instead on input line 2.
LaTeX Font Info:    External font `cmex10' loaded for size
(Font)              <7> on input line 6.
LaTeX Font Info:    External font `cmex10' loaded for size
(Font)              <5> on input line 6.
)
\tf@toc=\write3
\openout3 = `Relatorio.toc'.


[3] (./Relatorio.lof)
\tf@lof=\write4
\openout4 = `Relatorio.lof'.

 [4]
Underfull \hbox (badness 10000) in paragraph at lines 79--92

 []


Underfull \hbox (badness 10000) in paragraph at lines 79--92

 []


Underfull \hbox (badness 10000) in paragraph at lines 79--92

 []


Underfull \hbox (badness 10000) in paragraph at lines 79--92

 []


Underfull \hbox (badness 10000) in paragraph at lines 79--92

 []


Underfull \hbox (badness 10000) in paragraph at lines 79--92

 []

[5] <./imagens/geral.png, id=24, 681.54625pt x 564.1075pt>
File: ./imagens/geral.png Graphic file (type png)

<use ./imagens/geral.png>
Package pdftex.def Info: ./imagens/geral.png used on input line 99.
(pdftex.def)             Requested size: 361.34999pt x 299.08743pt.
 [6 <./imagens/geral.png>]
LaTeX Font Info:    Font shape `T1/ppl/bx/n' in size <12> not available
(Font)              Font shape `T1/ppl/b/n' tried instead on input line 110.

<./imagens/actividades.png, id=30, 726.715pt x 347.2975pt>
File: ./imagens/actividades.png Graphic file (type png)

<use ./imagens/actividades.png>
Package pdftex.def Info: ./imagens/actividades.png used on input line 115.
(pdftex.def)             Requested size: 361.34999pt x 172.69444pt.
LaTeX Font Info:    Try loading font information for T1+pcr on input line 125.

(/usr/local/texlive/2013/texmf-dist/tex/latex/psnfss/t1pcr.fd
File: t1pcr.fd 2001/06/04 font definitions for T1/pcr.
) [7 <./imagens/actividades.png>] <./imagens/amigo.png, id=37, 293.095pt x 139.
52126pt>
File: ./imagens/amigo.png Graphic file (type png)

<use ./imagens/amigo.png>
Package pdftex.def Info: ./imagens/amigo.png used on input line 139.
(pdftex.def)             Requested size: 216.8122pt x 103.2079pt.
 [8 <./imagens/amigo.png>]
<./imagens/utilizadores.png, id=42, 311.1625pt x 139.52126pt>
File: ./imagens/utilizadores.png Graphic file (type png)

<use ./imagens/utilizadores.png>
Package pdftex.def Info: ./imagens/utilizadores.png used on input line 162.
(pdftex.def)             Requested size: 216.8122pt x 97.21713pt.
 [9 <./imagens/utilizadores.png>]
LaTeX Font Info:    Try loading font information for OMS+ppl on input line 187.


(/usr/local/texlive/2013/texmf-dist/tex/latex/psnfss/omsppl.fd
File: omsppl.fd 
)
LaTeX Font Info:    Font shape `OMS/ppl/m/n' in size <10> not available
(Font)              Font shape `OMS/cmsy/m/n' tried instead on input line 187.
 [10]
<./imagens/fitnessum.png, id=51, 293.095pt x 205.76875pt>
File: ./imagens/fitnessum.png Graphic file (type png)

<use ./imagens/fitnessum.png>
Package pdftex.def Info: ./imagens/fitnessum.png used on input line 224.
(pdftex.def)             Requested size: 216.8122pt x 152.2131pt.

<./imagens/menuprincipal.png, id=52, 410.53375pt x 196.735pt>
File: ./imagens/menuprincipal.png Graphic file (type png)

<use ./imagens/menuprincipal.png>
Package pdftex.def Info: ./imagens/menuprincipal.png used on input line 234.
(pdftex.def)             Requested size: 289.08109pt x 138.53307pt.
 [11 <./imagens/fitnessum.png> <./imagens/menuprincipal.png>] <./imagens/menuad
min.png, id=58, 293.095pt x 205.76875pt>
File: ./imagens/menuadmin.png Graphic file (type png)

<use ./imagens/menuadmin.png>
Package pdftex.def Info: ./imagens/menuadmin.png used on input line 259.
(pdftex.def)             Requested size: 252.94388pt x 177.57933pt.
 [12 <./imagens/menuadmin.png>]
<./imagens/menuutilizador.png, id=63, 293.095pt x 266.9975pt>
File: ./imagens/menuutilizador.png Graphic file (type png)

<use ./imagens/menuutilizador.png>
Package pdftex.def Info: ./imagens/menuutilizador.png used on input line 287.
(pdftex.def)             Requested size: 216.8122pt x 197.50578pt.
 [13 <./imagens/menuutilizador.png>] [14]
<./imagens/consultaactiv.png, id=72, 293.095pt x 252.945pt>
File: ./imagens/consultaactiv.png Graphic file (type png)

<use ./imagens/consultaactiv.png>
Package pdftex.def Info: ./imagens/consultaactiv.png used on input line 343.
(pdftex.def)             Requested size: 216.8122pt x 187.11075pt.

<./imagens/novaactiv.png, id=73, 293.095pt x 351.3125pt>
File: ./imagens/novaactiv.png Graphic file (type png)

<use ./imagens/novaactiv.png>
Package pdftex.def Info: ./imagens/novaactiv.png used on input line 353.
(pdftex.def)             Requested size: 198.74359pt x 238.21925pt.
 [15 <./imagens/consultaactiv.png> <./imagens/novaactiv.png>] <./imagens/consam
ig.png, id=79, 374.39874pt x 224.84pt>
File: ./imagens/consamig.png Graphic file (type png)

<use ./imagens/consamig.png>
Package pdftex.def Info: ./imagens/consamig.png used on input line 365.
(pdftex.def)             Requested size: 252.94388pt x 151.90454pt.

<./imagens/consest.png, id=80, 302.12875pt x 182.6825pt>
File: ./imagens/consest.png Graphic file (type png)

<use ./imagens/consest.png>
Package pdftex.def Info: ./imagens/consest.png used on input line 376.
(pdftex.def)             Requested size: 216.8122pt x 131.09644pt.
 [16 <./imagens/consamig.png> <./imagens/consest.png>] <./imagens/consrec.png, 
id=86, 302.12875pt x 168.63pt>
File: ./imagens/consrec.png Graphic file (type png)

<use ./imagens/consrec.png>
Package pdftex.def Info: ./imagens/consrec.png used on input line 390.
(pdftex.def)             Requested size: 216.8122pt x 121.0121pt.

<./imagens/outras.png, id=87, 293.095pt x 130.4875pt>
File: ./imagens/outras.png Graphic file (type png)

<use ./imagens/outras.png>
Package pdftex.def Info: ./imagens/outras.png used on input line 400.
(pdftex.def)             Requested size: 216.8122pt x 96.52538pt.

<./imagens/data.png, id=88, 139.52126pt x 58.2175pt>
File: ./imagens/data.png Graphic file (type png)
 <use ./imagens/data.png>
Package pdftex.def Info: ./imagens/data.png used on input line 408.
(pdftex.def)             Requested size: 108.4061pt x 45.23534pt.

[17 <./imagens/consrec.png> <./imagens/outras.png> <./imagens/data.png>]
[18] (./Relatorio.aux) ) 
Here is how much of TeX's memory you used:
 3525 strings out of 493315
 53961 string characters out of 6137904
 112988 words of memory out of 5000000
 6896 multiletter control sequences out of 15000+600000
 22464 words of font info for 45 fonts, out of 8000000 for 9000
 957 hyphenation exceptions out of 8191
 38i,7n,38p,1242b,445s stack positions out of 5000i,500n,10000p,200000b,80000s
{/usr/local/texlive/2013/texmf-dist/fonts/enc/dvips/bas
e/8r.enc}</usr/local/texlive/2013/texmf-dist/fonts/type1/public/amsfonts/cm/cms
y10.pfb></usr/local/texlive/2013/texmf-dist/fonts/type1/urw/courier/ucrr8a.pfb>
</usr/local/texlive/2013/texmf-dist/fonts/type1/urw/palatino/uplb8a.pfb></usr/l
ocal/texlive/2013/texmf-dist/fonts/type1/urw/palatino/uplr8a.pfb></usr/local/te
xlive/2013/texmf-dist/fonts/type1/urw/palatino/uplri8a.pfb>
Output written on Relatorio.pdf (18 pages, 384673 bytes).
PDF statistics:
 117 PDF objects out of 1000 (max. 8388607)
 58 compressed objects within 1 object stream
 0 named destinations out of 1000 (max. 500000)
 91 words of extra memory for PDF output out of 10000 (max. 10000000)

